# JRE version: OpenJDK Runtime Environment (8.0_212-b04) (build 1.8.0_212-release-1586-b04)
# Java VM: OpenJDK 64-Bit Server VM (25.212-b04 mixed mode windows-amd64 compressed oops)
Heap:
 PSYoungGen      total 275968K, used 84863K [0x00000000e0000000, 0x00000000f3f80000, 0x0000000100000000)
  eden space 240640K, 35% used [0x00000000e0000000,0x00000000e52dff68,0x00000000eeb00000)
  from space 35328K, 0% used [0x00000000f0c00000,0x00000000f0c00000,0x00000000f2e80000)
  to   space 33792K, 0% used [0x00000000eeb00000,0x00000000eeb00000,0x00000000f0c00000)
 ParOldGen       total 181760K, used 57369K [0x00000000a0000000, 0x00000000ab180000, 0x00000000e0000000)
  object space 181760K, 31% used [0x00000000a0000000,0x00000000a3806630,0x00000000ab180000)
 Metaspace       used 98026K, capacity 101756K, committed 103768K, reserved 1138688K
  class space    used 13048K, capacity 13789K, committed 14168K, reserved 1048576K
GC Heap History (10 events):
Event: 21.597 GC heap before
{Heap before GC invocations=18 (full 3):
 PSYoungGen      total 206336K, used 205905K [0x00000000e0000000, 0x00000000ee280000, 0x0000000100000000)
  eden space 190976K, 100% used [0x00000000e0000000,0x00000000eba80000,0x00000000eba80000)
  from space 15360K, 97% used [0x00000000ed380000,0x00000000ee214580,0x00000000ee280000)
  to   space 17920K, 0% used [0x00000000ebf80000,0x00000000ebf80000,0x00000000ed100000)
 ParOldGen       total 126976K, used 33623K [0x00000000a0000000, 0x00000000a7c00000, 0x00000000e0000000)
  object space 126976K, 26% used [0x00000000a0000000,0x00000000a20d5db8,0x00000000a7c00000)
 Metaspace       used 68154K, capacity 71052K, committed 71128K, reserved 1110016K
  class space    used 9278K, capacity 9916K, committed 9944K, reserved 1048576K
Event: 21.622 GC heap after
Heap after GC invocations=18 (full 3):
 PSYoungGen      total 214016K, used 17892K [0x00000000e0000000, 0x00000000f0b00000, 0x0000000100000000)
  eden space 196096K, 0% used [0x00000000e0000000,0x00000000e0000000,0x00000000ebf80000)
  from space 17920K, 99% used [0x00000000ebf80000,0x00000000ed0f9328,0x00000000ed100000)
  to   space 23552K, 0% used [0x00000000ef400000,0x00000000ef400000,0x00000000f0b00000)
 ParOldGen       total 126976K, used 42258K [0x00000000a0000000, 0x00000000a7c00000, 0x00000000e0000000)
  object space 126976K, 33% used [0x00000000a0000000,0x00000000a29448d0,0x00000000a7c00000)
 Metaspace       used 68154K, capacity 71052K, committed 71128K, reserved 1110016K
  class space    used 9278K, capacity 9916K, committed 9944K, reserved 1048576K
}
Event: 24.333 GC heap before
{Heap before GC invocations=19 (full 3):
 PSYoungGen      total 214016K, used 213988K [0x00000000e0000000, 0x00000000f0b00000, 0x0000000100000000)
  eden space 196096K, 100% used [0x00000000e0000000,0x00000000ebf80000,0x00000000ebf80000)
  from space 17920K, 99% used [0x00000000ebf80000,0x00000000ed0f9328,0x00000000ed100000)
  to   space 23552K, 0% used [0x00000000ef400000,0x00000000ef400000,0x00000000f0b00000)
 ParOldGen       total 126976K, used 42258K [0x00000000a0000000, 0x00000000a7c00000, 0x00000000e0000000)
  object space 126976K, 33% used [0x00000000a0000000,0x00000000a29448d0,0x00000000a7c00000)
 Metaspace       used 78465K, capacity 81940K, committed 82008K, reserved 1120256K
  class space    used 10607K, capacity 11316K, committed 11352K, reserved 1048576K
Event: 24.380 GC heap after
Heap after GC invocations=19 (full 3):
 PSYoungGen      total 239616K, used 23544K [0x00000000e0000000, 0x00000000f2600000, 0x0000000100000000)
  eden space 216064K, 0% used [0x00000000e0000000,0x00000000e0000000,0x00000000ed300000)
  from space 23552K, 99% used [0x00000000ef400000,0x00000000f0afe210,0x00000000f0b00000)
  to   space 33792K, 0% used [0x00000000ed300000,0x00000000ed300000,0x00000000ef400000)
 ParOldGen       total 126976K, used 60793K [0x00000000a0000000, 0x00000000a7c00000, 0x00000000e0000000)
  object space 126976K, 47% used [0x00000000a0000000,0x00000000a3b5e570,0x00000000a7c00000)
 Metaspace       used 78465K, capacity 81940K, committed 82008K, reserved 1120256K
  class space    used 10607K, capacity 11316K, committed 11352K, reserved 1048576K
}
Event: 354.754 GC heap before
{Heap before GC invocations=20 (full 3):
 PSYoungGen      total 239616K, used 239608K [0x00000000e0000000, 0x00000000f2600000, 0x0000000100000000)
  eden space 216064K, 100% used [0x00000000e0000000,0x00000000ed300000,0x00000000ed300000)
  from space 23552K, 99% used [0x00000000ef400000,0x00000000f0afe210,0x00000000f0b00000)
  to   space 33792K, 0% used [0x00000000ed300000,0x00000000ed300000,0x00000000ef400000)
 ParOldGen       total 126976K, used 60793K [0x00000000a0000000, 0x00000000a7c00000, 0x00000000e0000000)
  object space 126976K, 47% used [0x00000000a0000000,0x00000000a3b5e570,0x00000000a7c00000)
 Metaspace       used 92668K, capacity 97384K, committed 97624K, reserved 1134592K
  class space    used 12439K, capacity 13324K, committed 13400K, reserved 1048576K
Event: 354.984 GC heap after
Heap after GC invocations=20 (full 3):
 PSYoungGen      total 249856K, used 23976K [0x00000000e0000000, 0x00000000f2e80000, 0x0000000100000000)
  eden space 216064K, 0% used [0x00000000e0000000,0x00000000e0000000,0x00000000ed300000)
  from space 33792K, 70% used [0x00000000ed300000,0x00000000eea6a3e0,0x00000000ef400000)
  to   space 35328K, 0% used [0x00000000f0c00000,0x00000000f0c00000,0x00000000f2e80000)
 ParOldGen       total 126976K, used 73376K [0x00000000a0000000, 0x00000000a7c00000, 0x00000000e0000000)
  object space 126976K, 57% used [0x00000000a0000000,0x00000000a47a80d0,0x00000000a7c00000)
 Metaspace       used 92668K, capacity 97384K, committed 97624K, reserved 1134592K
  class space    used 12439K, capacity 13324K, committed 13400K, reserved 1048576K
}
Event: 355.158 GC heap before
{Heap before GC invocations=21 (full 3):
 PSYoungGen      total 249856K, used 33278K [0x00000000e0000000, 0x00000000f2e80000, 0x0000000100000000)
  eden space 216064K, 4% used [0x00000000e0000000,0x00000000e0915738,0x00000000ed300000)
  from space 33792K, 70% used [0x00000000ed300000,0x00000000eea6a3e0,0x00000000ef400000)
  to   space 35328K, 0% used [0x00000000f0c00000,0x00000000f0c00000,0x00000000f2e80000)
 ParOldGen       total 126976K, used 73376K [0x00000000a0000000, 0x00000000a7c00000, 0x00000000e0000000)
  object space 126976K, 57% used [0x00000000a0000000,0x00000000a47a80d0,0x00000000a7c00000)
 Metaspace       used 93607K, capacity 98312K, committed 98496K, reserved 1134592K
  class space    used 12535K, capacity 13394K, committed 13400K, reserved 1048576K
Event: 355.177 GC heap after
Heap after GC invocations=21 (full 3):
 PSYoungGen      total 275968K, used 15452K [0x00000000e0000000, 0x00000000f3f80000, 0x0000000100000000)
  eden space 240640K, 0% used [0x00000000e0000000,0x00000000e0000000,0x00000000eeb00000)
  from space 35328K, 43% used [0x00000000f0c00000,0x00000000f1b170c8,0x00000000f2e80000)
  to   space 33792K, 0% used [0x00000000eeb00000,0x00000000eeb00000,0x00000000f0c00000)
 ParOldGen       total 126976K, used 73384K [0x00000000a0000000, 0x00000000a7c00000, 0x00000000e0000000)
  object space 126976K, 57% used [0x00000000a0000000,0x00000000a47aa0d0,0x00000000a7c00000)
 Metaspace       used 93607K, capacity 98312K, committed 98496K, reserved 1134592K
  class space    used 12535K, capacity 13394K, committed 13400K, reserved 1048576K
}
Event: 355.177 GC heap before
{Heap before GC invocations=22 (full 4):
 PSYoungGen      total 275968K, used 15452K [0x00000000e0000000, 0x00000000f3f80000, 0x0000000100000000)
  eden space 240640K, 0% used [0x00000000e0000000,0x00000000e0000000,0x00000000eeb00000)
  from space 35328K, 43% used [0x00000000f0c00000,0x00000000f1b170c8,0x00000000f2e80000)
  to   space 33792K, 0% used [0x00000000eeb00000,0x00000000eeb00000,0x00000000f0c00000)
 ParOldGen       total 126976K, used 73384K [0x00000000a0000000, 0x00000000a7c00000, 0x00000000e0000000)
  object space 126976K, 57% used [0x00000000a0000000,0x00000000a47aa0d0,0x00000000a7c00000)
 Metaspace       used 93607K, capacity 98312K, committed 98496K, reserved 1134592K
  class space    used 12535K, capacity 13394K, committed 13400K, reserved 1048576K
Event: 355.746 GC heap after
Heap after GC invocations=22 (full 4):
 PSYoungGen      total 275968K, used 0K [0x00000000e0000000, 0x00000000f3f80000, 0x0000000100000000)
  eden space 240640K, 0% used [0x00000000e0000000,0x00000000e0000000,0x00000000eeb00000)
  from space 35328K, 0% used [0x00000000f0c00000,0x00000000f0c00000,0x00000000f2e80000)
  to   space 33792K, 0% used [0x00000000eeb00000,0x00000000eeb00000,0x00000000f0c00000)
 ParOldGen       total 181760K, used 57369K [0x00000000a0000000, 0x00000000ab180000, 0x00000000e0000000)
  object space 181760K, 31% used [0x00000000a0000000,0x00000000a3806630,0x00000000ab180000)
 Metaspace       used 92827K, capacity 96190K, committed 98496K, reserved 1134592K
  class space    used 12271K, capacity 12929K, committed 13400K, reserved 1048576K
}

